<?xml version="1.0" encoding="UTF-8"?>
<robot generator="Robot 4.1.3 (Python 3.7.5 on darwin)" generated="20220406 13:17:02.529" rpa="true" schemaversion="2">
<suite id="s1" name="Tasks" source="/Users/cosminpopa/Work/RoboCorp/robotests/course-level-2/tasks.robot">
<test id="s1-t1" name="Orders robots from RobotSpareBin Industries Inc.">
<kw name="Log" library="BuiltIn">
<arg>Starting execution...</arg>
<doc>Logs the given message with the given level.</doc>
<msg timestamp="20220406 13:17:03.321" level="INFO">Starting execution...</msg>
<status status="PASS" starttime="20220406 13:17:03.321" endtime="20220406 13:17:03.335"/>
</kw>
<kw name="Download orders file">
<kw name="Log" library="BuiltIn">
<arg>Starting download...</arg>
<doc>Logs the given message with the given level.</doc>
<msg timestamp="20220406 13:17:03.336" level="INFO">Starting download...</msg>
<status status="PASS" starttime="20220406 13:17:03.336" endtime="20220406 13:17:03.336"/>
</kw>
<kw name="Download" library="RPA.HTTP">
<arg>https://robotsparebinindustries.com/orders.csv</arg>
<arg>overwrite=True</arg>
<doc>An alias for the ``HTTP Get`` keyword.</doc>
<msg timestamp="20220406 13:17:03.337" level="INFO">Creating a new HTTP session</msg>
<msg timestamp="20220406 13:17:03.337" level="INFO">Creating Session using : alias=rpasession_alias.httpsrobotsparebinindustries.com, url=https://robotsparebinindustries.com, headers={},                     cookies={}, auth=None, timeout=None, proxies=None, verify=True,                     debug=0 </msg>
<status status="PASS" starttime="20220406 13:17:03.336" endtime="20220406 13:17:03.479"/>
</kw>
<kw name="Log" library="BuiltIn">
<arg>Done</arg>
<doc>Logs the given message with the given level.</doc>
<msg timestamp="20220406 13:17:03.479" level="INFO">Done</msg>
<status status="PASS" starttime="20220406 13:17:03.479" endtime="20220406 13:17:03.480"/>
</kw>
<status status="PASS" starttime="20220406 13:17:03.335" endtime="20220406 13:17:03.480"/>
</kw>
<kw name="Parse CSV file">
<var>${orders_table}</var>
<kw name="Log" library="BuiltIn">
<arg>Parsing CSV...</arg>
<doc>Logs the given message with the given level.</doc>
<msg timestamp="20220406 13:17:03.482" level="INFO">Parsing CSV...</msg>
<status status="PASS" starttime="20220406 13:17:03.481" endtime="20220406 13:17:03.482"/>
</kw>
<kw name="Read table from CSV" library="RPA.Tables">
<var>${orders_table}</var>
<arg>orders.csv</arg>
<doc>Read a CSV file as a table.</doc>
<msg timestamp="20220406 13:17:03.488" level="INFO">${orders_table} = Table(columns=['Order number', 'Head', 'Body', 'Legs', 'Address'], rows=20)</msg>
<status status="PASS" starttime="20220406 13:17:03.483" endtime="20220406 13:17:03.488"/>
</kw>
<kw name="Log" library="BuiltIn">
<arg>Done</arg>
<doc>Logs the given message with the given level.</doc>
<msg timestamp="20220406 13:17:03.489" level="INFO">Done</msg>
<status status="PASS" starttime="20220406 13:17:03.489" endtime="20220406 13:17:03.489"/>
</kw>
<msg timestamp="20220406 13:17:03.489" level="INFO">${orders_table} = Table(columns=['Order number', 'Head', 'Body', 'Legs', 'Address'], rows=20)</msg>
<status status="PASS" starttime="20220406 13:17:03.480" endtime="20220406 13:17:03.489"/>
</kw>
<for flavor="IN">
<var>${row}</var>
<value>@{orders_table}</value>
<iter>
<var name="${row}">{'Order number': '1', 'Head': '1', 'Body': '2', 'Legs': '3', 'Address': 'Address 123'}</var>
<kw name="Log" library="BuiltIn">
<arg>${row}</arg>
<doc>Logs the given message with the given level.</doc>
<msg timestamp="20220406 13:17:03.491" level="INFO">{'Order number': '1', 'Head': '1', 'Body': '2', 'Legs': '3', 'Address': 'Address 123'}</msg>
<status status="PASS" starttime="20220406 13:17:03.491" endtime="20220406 13:17:03.491"/>
</kw>
<kw name="Open the intranet website">
<kw name="Open Available Browser" library="RPA.Browser.Selenium">
<arg>https://robotsparebinindustries.com/#/robot-order</arg>
<doc>Attempts to open a browser on the user's device from a set of
supported browsers. Automatically downloads a corresponding webdriver
if none is already installed.</doc>
<msg timestamp="20220406 13:17:03.492" level="INFO">Creating an instance of the Chrome WebDriver.</msg>
<msg timestamp="20220406 13:17:03.503" level="INFO">Created download root directory: /Users/cosminpopa/.robocorp/webdrivers</msg>
<msg timestamp="20220406 13:17:03.504" level="INFO">Created symlink directory: /Users/cosminpopa/.robocorp/webdrivers</msg>
<msg timestamp="20220406 13:17:03.505" level="INFO">Creating an instance of the Chrome WebDriver.</msg>
<msg timestamp="20220406 13:17:05.745" level="INFO">Created Chrome browser with arguments: --disable-dev-shm-usage --disable-web-security --allow-running-insecure-content --no-sandbox</msg>
<msg timestamp="20220406 13:17:05.746" level="INFO" html="true">&lt;p&gt;Attempted combinations:&lt;/p&gt;&lt;div class="doc"&gt;&lt;table&gt;&lt;tr&gt;&lt;th&gt;Browser&lt;/th&gt;&lt;th&gt;Download&lt;/th&gt;&lt;th&gt;Error&lt;/th&gt;&lt;/tr&gt;&lt;tr&gt;&lt;td&gt;Chrome&lt;/td&gt;&lt;td&gt;False&lt;/td&gt;&lt;td&gt;Message: 'chromedriver' executable needs to be in PATH. Please see https://sites.google.com/a/chromium.org/chromedriver/home
&lt;/td&gt;&lt;/tr&gt;&lt;tr&gt;&lt;td&gt;Chrome&lt;/td&gt;&lt;td&gt;True&lt;/td&gt;&lt;td&gt;&lt;/td&gt;&lt;/tr&gt;&lt;/table&gt;&lt;/div&gt;</msg>
<msg timestamp="20220406 13:17:05.746" level="INFO">Opening url 'https://robotsparebinindustries.com/#/robot-order'</msg>
<status status="PASS" starttime="20220406 13:17:03.492" endtime="20220406 13:17:06.459"/>
</kw>
<status status="PASS" starttime="20220406 13:17:03.491" endtime="20220406 13:17:06.460"/>
</kw>
<kw name="Close the question modal">
<kw name="Wait Until Element Is Visible" library="RPA.Browser.Selenium">
<arg>css:div.alert-buttons</arg>
<doc>Waits until the element ``locator`` is visible.</doc>
<status status="PASS" starttime="20220406 13:17:06.462" endtime="20220406 13:17:06.484"/>
</kw>
<kw name="Click Button" library="RPA.Browser.Selenium">
<arg>OK</arg>
<doc>Clicks the button identified by ``locator``.</doc>
<msg timestamp="20220406 13:17:06.484" level="INFO">Clicking button 'OK'.</msg>
<status status="PASS" starttime="20220406 13:17:06.484" endtime="20220406 13:17:06.587"/>
</kw>
<status status="PASS" starttime="20220406 13:17:06.461" endtime="20220406 13:17:06.588"/>
</kw>
<kw name="Exit For Loop" library="BuiltIn">
<doc>Stops executing the enclosing for loop.</doc>
<msg timestamp="20220406 13:17:06.588" level="INFO">Exiting for loop altogether.</msg>
<status status="PASS" starttime="20220406 13:17:06.588" endtime="20220406 13:17:06.589"/>
</kw>
<status status="PASS" starttime="20220406 13:17:03.490" endtime="20220406 13:17:06.589"/>
</iter>
<status status="PASS" starttime="20220406 13:17:03.490" endtime="20220406 13:17:06.589"/>
</for>
<status status="PASS" starttime="20220406 13:17:03.320" endtime="20220406 13:17:06.589"/>
</test>
<doc>Template robot main suite.</doc>
<status status="PASS" starttime="20220406 13:17:02.535" endtime="20220406 13:17:06.590"/>
</suite>
<statistics>
<total>
<stat pass="1" fail="0" skip="0">All Tasks</stat>
</total>
<tag>
</tag>
<suite>
<stat pass="1" fail="0" skip="0" id="s1" name="Tasks">Tasks</stat>
</suite>
</statistics>
<errors>
</errors>
</robot>
